
Showing logs for build [32mcb-kubecd-environment-pr-1316-4-jsz5n-1[0m stage [32mfrom-build-pack[0m and container [32mstep-credential-initializer-6sf54[0m
{"level":"warn","ts":1585241350.395491,"logger":"fallback-logger","caller":"logging/config.go:69","msg":"Fetch GitHub commit ID from kodata failed: \"ref: refs/heads/0.8.0-**-support-backwards-incompats\" is not a valid GitHub commit ID"}
{"level":"info","ts":1585241350.3961504,"logger":"fallback-logger","caller":"creds-init/main.go:40","msg":"Credentials initialized."}

Showing logs for build [32mcb-kubecd-environment-pr-1316-4-jsz5n-1[0m stage [32mfrom-build-pack[0m and container [32mstep-working-dir-initializer-x8nsv[0m
{"level":"warn","ts":1585241351.386738,"logger":"fallback-logger","caller":"logging/config.go:69","msg":"Fetch GitHub commit ID from kodata failed: open /var/run/ko/HEAD: no such file or directory"}
{"level":"info","ts":1585241351.388195,"logger":"fallback-logger","caller":"bash/main.go:64","msg":"Successfully executed command \"sh -c mkdir -p /workspace/source\"; output "}

Showing logs for build [32mcb-kubecd-environment-pr-1316-4-jsz5n-1[0m stage [32mfrom-build-pack[0m and container [32mstep-place-tools[0m

Showing logs for build [32mcb-kubecd-environment-pr-1316-4-jsz5n-1[0m stage [32mfrom-build-pack[0m and container [32mstep-git-source-cb-kubecd-environment-pr-1316-4-jsz5n-lqtts[0m
{"level":"warn","ts":1585241357.4755352,"logger":"fallback-logger","caller":"logging/config.go:69","msg":"Fetch GitHub commit ID from kodata failed: \"ref: refs/heads/0.8.0-**-support-backwards-incompats\" is not a valid GitHub commit ID"}
{"level":"info","ts":1585241358.5239823,"logger":"fallback-logger","caller":"git/git.go:103","msg":"Successfully cloned https://github.com/cb-kubecd/environment-pr-1316-4-bdd-frontend-staging.git @ master in path /workspace/source"}

Showing logs for build [32mcb-kubecd-environment-pr-1316-4-jsz5n-1[0m stage [32mfrom-build-pack[0m and container [32mstep-git-merge[0m
Using SHAs from PULL_REFS=master:bb0122a80177db0786b8adb374725072518c6edd,1:436e76a353d2acf2d64bd05f161e3b63d4da45d9
DEBUG: JX_LOG_LEVEL=error LC_ALL=C git fetch origin --unshallow 436e76a353d2acf2d64bd05f161e3b63d4da45d9: bb0122a80177db0786b8adb374725072518c6edd:
DEBUG: ran git fetch --unshallow origin 436e76a353d2acf2d64bd05f161e3b63d4da45d9: bb0122a80177db0786b8adb374725072518c6edd: in 
DEBUG: LC_ALL=C JX_LOG_LEVEL=error git branch
DEBUG: LC_ALL=C JX_LOG_LEVEL=error git checkout master
DEBUG: ran git checkout master in 
DEBUG: LC_ALL=C JX_LOG_LEVEL=error git reset --hard bb0122a80177db0786b8adb374725072518c6edd
DEBUG: ran git reset --hard bb0122a80177db0786b8adb374725072518c6edd in 
DEBUG: LC_ALL=C JX_LOG_LEVEL=error git clean -fd .
DEBUG: ran clean --force -d . in 
DEBUG: LC_ALL=C JX_LOG_LEVEL=error git merge 436e76a353d2acf2d64bd05f161e3b63d4da45d9
DEBUG: ran git merge 436e76a353d2acf2d64bd05f161e3b63d4da45d9 in 
DEBUG: JX_LOG_LEVEL=error LC_ALL=C git log --format=%H%x1f%an%x1f%ae%x1f%cn%x1f%ce%x1f%s%n%b%x1e bb0122a80177db0786b8adb374725072518c6edd..HEAD
Merged SHA 436e76a353d2acf2d64bd05f161e3b63d4da45d9 with commit message 'chore: Promote bdd-nh-1585240363 to version 0.0.1' into base branch master

Showing logs for build [32mcb-kubecd-environment-pr-1316-4-jsz5n-1[0m stage [32mfrom-build-pack[0m and container [32mstep-build-helm-build[0m
WARNING: No $CHART_REPOSITORY defined so using the default value of: http://jenkins-x-chartmuseum:8080
Adding missing Helm repo: storage.googleapis.com https://storage.googleapis.com/chartmuseum.jenkins-x.io
WARNING: No secrets found on "helm/repos" due: reading the secret "helm/repos" from vault: no secret "helm/repos" not found in vault
Read credentials for https://storage.googleapis.com/chartmuseum.jenkins-x.io from vault helm/repos
Successfully added Helm repository storage.googleapis.com.
Adding missing Helm repo: jenkins-x-chartmuseum http://jenkins-x-chartmuseum:8080
WARNING: No secrets found on "helm/repos" due: reading the secret "helm/repos" from vault: no secret "helm/repos" not found in vault
Read credentials for http://jenkins-x-chartmuseum:8080 from vault helm/repos
Successfully added Helm repository jenkins-x-chartmuseum.
WARNING: No $CHART_REPOSITORY defined so using the default value of: http://jenkins-x-chartmuseum:8080
Adding missing Helm repo: chartmuseum.jenkins-x.io http://chartmuseum.jenkins-x.io
WARNING: No secrets found on "helm/repos" due: reading the secret "helm/repos" from vault: no secret "helm/repos" not found in vault
Read credentials for http://chartmuseum.jenkins-x.io from vault helm/repos
Successfully added Helm repository chartmuseum.jenkins-x.io.
